#
# A fatal error has been detected by the Java Runtime Environment:
#
#  EXCEPTION_ACCESS_VIOLATION (0xc0000005) at pc=0x0000000077b0e5ff, pid=4240, tid=6680
#
# JRE version: Java(TM) SE Runtime Environment (7.0_45-b18) (build 1.7.0_45-b18)
# Java VM: Java HotSpot(TM) 64-Bit Server VM (24.45-b08 mixed mode windows-amd64 compressed oops)
# Problematic frame:
# C  [ntdll.dll+0x4e5ff]
#
# Failed to write core dump. Minidumps are not enabled by default on client versions of Windows
#
# If you would like to submit a bug report, please visit:
#   http://bugreport.sun.com/bugreport/crash.jsp
# The crash happened outside the Java Virtual Machine in native code.
# See problematic frame for where to report the bug.
#

---------------  T H R E A D  ---------------

Current thread (0x000000000d375800):  JavaThread "FileSystemWatcher: files=#653 cl=java.net.URLClassLoader@624478f7" daemon [_thread_in_native, id=6680, stack(0x000000000c880000,0x000000000c980000)]

siginfo: ExceptionCode=0xc0000005, writing address 0x0000000000000071

Registers:
RAX=0x000000000000005c, RBX=0x000000000e261910, RCX=0x000000000e2619b4, RDX=0x00000000000000e2
RSP=0x000000000c97e990, RBP=0x000000000000fffe, RSI=0x0000000000000000, RDI=0x000000000e261910
R8 =0x0000000000000071, R9 =0x00000000000000e2, R10=0x000000000e260000, R11=0x000000000000ffff
R12=0x00000000000000e2, R13=0x0000000000000208, R14=0x000000000c97eb68, R15=0x0000000000000071
RIP=0x0000000077b0e5ff, EFLAGS=0x0000000000010246

Top of Stack: (sp=0x000000000c97e990)
0x000000000c97e990:   000000c600000000 0000000000249924
0x000000000c97e9a0:   00000000002754e0 00000000000000c6
0x000000000c97e9b0:   0000000000e400e2 000000000e261910
0x000000000c97e9c0:   000000000c97eb58 0000000077b15f48
0x000000000c97e9d0:   000000000c97eb51 00000000002c02c0
0x000000000c97e9e0:   0000000000000230 0000000000240000
0x000000000c97e9f0:   0000000000000003 0000000000000201
0x000000000c97ea00:   00000000002404a8 0000000077b13448
0x000000000c97ea10:   0000000000000007 00000000000000e2
0x000000000c97ea20:   0022611600020006 0000000000000000
0x000000000c97ea30:   00000000e1000000 0000000000000000
0x000000000c97ea40:   0000000000000000 000000000c97ec76
0x000000000c97ea50:   000000000c97eb90 000000000e261910
0x000000000c97ea60:   00000000020800e6 000000000c97eb90
0x000000000c97ea70:   000026fda1061672 000000000c97ee80
0x000000000c97ea80:   0000000000000000 0000000000e400e2 

Instructions: (pc=0x0000000077b0e5ff)
0x0000000077b0e5df:   e2 fc 8b c2 48 01 41 18 8b 41 10 4c 89 44 c1 20
0x0000000077b0e5ef:   ff 41 10 8b c2 c3 44 8a 74 24 40 e9 10 5e 00 00
0x0000000077b0e5ff:   41 0f b7 c1 48 83 c1 02 48 d1 e8 48 8d 04 43 48
0x0000000077b0e60f:   3b c8 73 39 0f b7 01 66 83 c8 20 66 83 f8 70 0f 


Register to memory mapping:

RAX=0x000000000000005c is an unknown value
RBX=0x000000000e261910 is an unknown value
RCX=0x000000000e2619b4 is an unknown value
RDX=0x00000000000000e2 is an unknown value
RSP=0x000000000c97e990 is pointing into the stack for thread: 0x000000000d375800
RBP=0x000000000000fffe is an unknown value
RSI=0x0000000000000000 is an unknown value
RDI=0x000000000e261910 is an unknown value
R8 =0x0000000000000071 is an unknown value
R9 =0x00000000000000e2 is an unknown value
R10=0x000000000e260000 is an unknown value
R11=0x000000000000ffff is an unknown value
R12=0x00000000000000e2 is an unknown value
R13=0x0000000000000208 is an unknown value
R14=0x000000000c97eb68 is pointing into the stack for thread: 0x000000000d375800
R15=0x0000000000000071 is an unknown value


Stack: [0x000000000c880000,0x000000000c980000],  sp=0x000000000c97e990,  free space=1018k
Native frames: (J=compiled Java code, j=interpreted, Vv=VM code, C=native code)
C  [ntdll.dll+0x4e5ff]

Java frames: (J=compiled Java code, j=interpreted, Vv=VM code)
J  java.io.WinNTFileSystem.getLastModifiedTime(Ljava/io/File;)J
J  org.springsource.loaded.agent.Watcher.run()V
j  java.lang.Thread.run()V+11
v  ~StubRoutines::call_stub

---------------  P R O C E S S  ---------------

Java Threads: ( => current thread )
  0x000000000b78b800 JavaThread "MySQL Statement Cancellation Timer" daemon [_thread_blocked, id=5004, stack(0x0000000012940000,0x0000000012a40000)]
  0x000000000b78c000 JavaThread "MySQL Statement Cancellation Timer" daemon [_thread_blocked, id=6572, stack(0x0000000012800000,0x0000000012900000)]
  0x000000000f6d9800 JavaThread "MySQL Statement Cancellation Timer" daemon [_thread_blocked, id=6584, stack(0x00000000126c0000,0x00000000127c0000)]
  0x000000000f6d9000 JavaThread "MySQL Statement Cancellation Timer" daemon [_thread_blocked, id=3044, stack(0x00000000124e0000,0x00000000125e0000)]
  0x000000000f6d8000 JavaThread "MySQL Statement Cancellation Timer" daemon [_thread_blocked, id=2220, stack(0x00000000123c0000,0x00000000124c0000)]
  0x000000000f6d7800 JavaThread "MySQL Statement Cancellation Timer" daemon [_thread_blocked, id=5484, stack(0x0000000011f60000,0x0000000012060000)]
  0x000000000f6d6800 JavaThread "MySQL Statement Cancellation Timer" daemon [_thread_blocked, id=5608, stack(0x00000000121d0000,0x00000000122d0000)]
  0x000000000a58c800 JavaThread "http-bio-8084-exec-6" daemon [_thread_blocked, id=1568, stack(0x00000000120a0000,0x00000000121a0000)]
  0x000000000a58b800 JavaThread "http-bio-8084-exec-5" daemon [_thread_blocked, id=1268, stack(0x00000000118c0000,0x00000000119c0000)]
  0x000000000a58b000 JavaThread "http-bio-8084-exec-4" daemon [_thread_blocked, id=2992, stack(0x0000000011cf0000,0x0000000011df0000)]
  0x000000000a58a000 JavaThread "http-bio-8084-exec-3" daemon [_thread_blocked, id=4384, stack(0x0000000011df0000,0x0000000011ef0000)]
  0x000000000a589800 JavaThread "http-bio-8084-exec-2" daemon [_thread_blocked, id=808, stack(0x0000000011b80000,0x0000000011c80000)]
  0x000000000a588800 JavaThread "http-bio-8084-exec-1" daemon [_thread_blocked, id=4840, stack(0x00000000119c0000,0x0000000011ac0000)]
  0x000000000a588000 JavaThread "Thread-12" daemon [_thread_blocked, id=6136, stack(0x0000000011680000,0x0000000011780000)]
  0x000000000a587000 JavaThread "Thread-13" daemon [_thread_in_native, id=7088, stack(0x00000000104f0000,0x00000000105f0000)]
  0x000000000a586800 JavaThread "http-bio-8084-AsyncTimeout" daemon [_thread_blocked, id=6052, stack(0x00000000117a0000,0x00000000118a0000)]
  0x000000000a585800 JavaThread "http-bio-8084-Acceptor-0" daemon [_thread_in_native, id=5896, stack(0x0000000010950000,0x0000000010a50000)]
  0x000000000f214000 JavaThread "ContainerBackgroundProcessor[StandardEngine[Tomcat]]" daemon [_thread_blocked, id=1016, stack(0x0000000011580000,0x0000000011680000)]
  0x000000000f213000 JavaThread "quartzScheduler_QuartzSchedulerThread" [_thread_blocked, id=6404, stack(0x000000000ec30000,0x000000000ed30000)]
  0x000000000f212800 JavaThread "quartzScheduler_Worker-10" [_thread_blocked, id=6568, stack(0x0000000011460000,0x0000000011560000)]
  0x000000000f211800 JavaThread "quartzScheduler_Worker-9" [_thread_blocked, id=2276, stack(0x0000000010120000,0x0000000010220000)]
  0x000000000f211000 JavaThread "quartzScheduler_Worker-8" [_thread_blocked, id=7116, stack(0x00000000112a0000,0x00000000113a0000)]
  0x000000000f210000 JavaThread "quartzScheduler_Worker-7" [_thread_blocked, id=7024, stack(0x0000000011180000,0x0000000011280000)]
  0x000000000f20f800 JavaThread "quartzScheduler_Worker-6" [_thread_blocked, id=340, stack(0x0000000010fa0000,0x00000000110a0000)]
  0x000000000f20e800 JavaThread "quartzScheduler_Worker-5" [_thread_blocked, id=6948, stack(0x0000000010e40000,0x0000000010f40000)]
  0x000000000f20e000 JavaThread "quartzScheduler_Worker-4" [_thread_blocked, id=3676, stack(0x0000000010d20000,0x0000000010e20000)]
  0x000000000f20d000 JavaThread "quartzScheduler_Worker-3" [_thread_blocked, id=5936, stack(0x0000000010bb0000,0x0000000010cb0000)]
  0x000000000b792000 JavaThread "quartzScheduler_Worker-2" [_thread_blocked, id=3940, stack(0x0000000010a70000,0x0000000010b70000)]
  0x000000000b791800 JavaThread "quartzScheduler_Worker-1" [_thread_blocked, id=6780, stack(0x0000000010740000,0x0000000010840000)]
  0x000000000b790800 JavaThread "net.sf.ehcache.CacheManager@37720041" daemon [_thread_blocked, id=1104, stack(0x0000000010840000,0x0000000010940000)]
  0x000000000b790000 JavaThread "net.sf.ehcache.CacheManager@1dd97cb8" daemon [_thread_blocked, id=3232, stack(0x0000000010600000,0x0000000010700000)]
  0x000000000b78d800 JavaThread "net.sf.ehcache.CacheManager@2ebad0d7" daemon [_thread_blocked, id=6344, stack(0x00000000103d0000,0x00000000104d0000)]
  0x000000000b78e800 JavaThread "Abandoned connection cleanup thread" daemon [_thread_blocked, id=6184, stack(0x000000000fd40000,0x000000000fe40000)]
  0x000000000b78f000 JavaThread "PoolCleaner[1414103908:1504689511379]" daemon [_thread_blocked, id=6272, stack(0x000000000fed0000,0x000000000ffd0000)]
=>0x000000000d375800 JavaThread "FileSystemWatcher: files=#653 cl=java.net.URLClassLoader@624478f7" daemon [_thread_in_native, id=6680, stack(0x000000000c880000,0x000000000c980000)]
  0x000000000cd00000 JavaThread "FileSystemWatcher: files=#2 cl=org.codehaus.groovy.grails.cli.support.GrailsRootLoader@54498364" daemon [_thread_blocked, id=4316, stack(0x000000000c730000,0x000000000c830000)]
  0x000000000ccff800 JavaThread "Synchronizer (Spring UAA/1.0.1)" daemon [_thread_blocked, id=6156, stack(0x000000000c5e0000,0x000000000c6e0000)]
  0x000000000ac79800 JavaThread "NonBlockingInputStreamThread" daemon [_thread_blocked, id=6512, stack(0x000000000b270000,0x000000000b370000)]
  0x000000000a30b800 JavaThread "Service Thread" daemon [_thread_blocked, id=6308, stack(0x000000000a6b0000,0x000000000a7b0000)]
  0x000000000a2f5800 JavaThread "C2 CompilerThread1" daemon [_thread_blocked, id=4516, stack(0x000000000a810000,0x000000000a910000)]
  0x000000000a2fb800 JavaThread "C2 CompilerThread0" daemon [_thread_blocked, id=6368, stack(0x0000000009800000,0x0000000009900000)]
  0x00000000083f8800 JavaThread "JDWP Command Reader" daemon [_thread_in_native, id=6132, stack(0x000000000a1b0000,0x000000000a2b0000)]
  0x00000000083f7000 JavaThread "JDWP Event Helper Thread" daemon [_thread_blocked, id=1372, stack(0x000000000a050000,0x000000000a150000)]
  0x00000000083e8800 JavaThread "JDWP Transport Listener: dt_socket" daemon [_thread_blocked, id=4452, stack(0x0000000009d30000,0x0000000009e30000)]
  0x00000000083e1800 JavaThread "Attach Listener" daemon [_thread_blocked, id=6612, stack(0x0000000009920000,0x0000000009a20000)]
  0x00000000083da000 JavaThread "Signal Dispatcher" daemon [_thread_blocked, id=5076, stack(0x00000000096d0000,0x00000000097d0000)]
  0x000000000837f800 JavaThread "Finalizer" daemon [_thread_blocked, id=3360, stack(0x0000000009440000,0x0000000009540000)]
  0x000000000837c000 JavaThread "Reference Handler" daemon [_thread_blocked, id=1500, stack(0x0000000009590000,0x0000000009690000)]
  0x0000000002139000 JavaThread "main" [_thread_blocked, id=5616, stack(0x00000000023a0000,0x00000000024a0000)]

Other Threads:
  0x000000000837a800 VMThread [stack: 0x0000000009310000,0x0000000009410000] [id=5136]
  0x000000000a318000 WatcherThread [stack: 0x000000000a970000,0x000000000aa70000] [id=2692]

VM state:not at safepoint (normal execution)

VM Mutex/Monitor currently owned by a thread: None

Heap
 PSYoungGen      total 240640K, used 102879K [0x00000000f0000000, 0x0000000100000000, 0x0000000100000000)
  eden space 218624K, 45% used [0x00000000f0000000,0x00000000f61c69d0,0x00000000fd580000)
  from space 22016K, 12% used [0x00000000fea80000,0x00000000fed31258,0x0000000100000000)
  to   space 21504K, 0% used [0x00000000fd580000,0x00000000fd580000,0x00000000fea80000)
 ParOldGen       total 524288K, used 306827K [0x00000000d0000000, 0x00000000f0000000, 0x00000000f0000000)
  object space 524288K, 58% used [0x00000000d0000000,0x00000000e2ba2de0,0x00000000f0000000)
 PSPermGen       total 262144K, used 136582K [0x00000000c0000000, 0x00000000d0000000, 0x00000000d0000000)
  object space 262144K, 52% used [0x00000000c0000000,0x00000000c8561990,0x00000000d0000000)

Card table byte_map: [0x0000000005560000,0x0000000005770000] byte_map_base: 0x0000000004f60000

Polling page: 0x0000000000230000

Code Cache  [0x00000000024a0000, 0x0000000002e70000, 0x00000000054a0000)
 total_blobs=3171 nmethods=2426 adapters=703 free_code_cache=39389Kb largest_free_block=40104576

Compilation events (10 events):
Event: 2985.758 Thread 0x000000000a2fb800 2816             org.apache.catalina.core.ContainerBase::getLoader (31 bytes)
Event: 2985.760 Thread 0x000000000a2fb800 nmethod 2816 0x0000000002e05390 code [0x0000000002e05500, 0x0000000002e05678]
Event: 3085.221 Thread 0x000000000a2f5800 2817             com.mysql.jdbc.Buffer::fastSkipLenString (20 bytes)
Event: 3085.222 Thread 0x000000000a2f5800 nmethod 2817 0x00000000026d7e10 code [0x00000000026d7f80, 0x00000000026d8108]
Event: 3495.220 Thread 0x000000000a2fb800 2819             java.util.Dictionary::<init> (5 bytes)
Event: 3495.221 Thread 0x000000000a2fb800 nmethod 2819 0x00000000026d7810 code [0x00000000026d7940, 0x00000000026d79b8]
Event: 3685.216 Thread 0x000000000a2f5800 2820             com.mysql.jdbc.ConnectionImpl::checkClosed (12 bytes)
Event: 3685.217 Thread 0x000000000a2f5800 nmethod 2820 0x0000000002e05110 code [0x0000000002e05260, 0x0000000002e052e8]
Event: 3855.828 Thread 0x000000000a2fb800 2821             org.apache.catalina.util.LifecycleSupport::fireLifecycleEvent (49 bytes)
Event: 3855.830 Thread 0x000000000a2fb800 nmethod 2821 0x0000000002e04bd0 code [0x0000000002e04d20, 0x0000000002e04f38]

GC Heap History (10 events):
Event: 43.880 GC heap before
{Heap before GC invocations=46 (full 0):
 PSYoungGen      total 243200K, used 230553K [0x00000000f0000000, 0x0000000100000000, 0x0000000100000000)
  eden space 224256K, 98% used [0x00000000f0000000,0x00000000fd89ba20,0x00000000fdb00000)
  from space 18944K, 46% used [0x00000000fdb00000,0x00000000fe38ab00,0x00000000fed80000)
  to   space 18432K, 0% used [0x00000000fee00000,0x00000000fee00000,0x0000000100000000)
 ParOldGen       total 524288K, used 267352K [0x00000000d0000000, 0x00000000f0000000, 0x00000000f0000000)
  object space 524288K, 50% used [0x00000000d0000000,0x00000000e0516188,0x00000000f0000000)
 PSPermGen       total 262144K, used 130135K [0x00000000c0000000, 0x00000000d0000000, 0x00000000d0000000)
  object space 262144K, 49% used [0x00000000c0000000,0x00000000c7f15c10,0x00000000d0000000)
Event: 43.905 GC heap after
Heap after GC invocations=46 (full 0):
 PSYoungGen      total 244736K, used 7390K [0x00000000f0000000, 0x0000000100000000, 0x0000000100000000)
  eden space 226304K, 0% used [0x00000000f0000000,0x00000000f0000000,0x00000000fdd00000)
  from space 18432K, 40% used [0x00000000fee00000,0x00000000ff537910,0x0000000100000000)
  to   space 17408K, 0% used [0x00000000fdd00000,0x00000000fdd00000,0x00000000fee00000)
 ParOldGen       total 524288K, used 274971K [0x00000000d0000000, 0x00000000f0000000, 0x00000000f0000000)
  object space 524288K, 52% used [0x00000000d0000000,0x00000000e0c86d88,0x00000000f0000000)
 PSPermGen       total 262144K, used 130135K [0x00000000c0000000, 0x00000000d0000000, 0x00000000d0000000)
  object space 262144K, 49% used [0x00000000c0000000,0x00000000c7f15c10,0x00000000d0000000)
}
Event: 44.999 GC heap before
{Heap before GC invocations=47 (full 0):
 PSYoungGen      total 244736K, used 233694K [0x00000000f0000000, 0x0000000100000000, 0x0000000100000000)
  eden space 226304K, 100% used [0x00000000f0000000,0x00000000fdd00000,0x00000000fdd00000)
  from space 18432K, 40% used [0x00000000fee00000,0x00000000ff537910,0x0000000100000000)
  to   space 17408K, 0% used [0x00000000fdd00000,0x00000000fdd00000,0x00000000fee00000)
 ParOldGen       total 524288K, used 274971K [0x00000000d0000000, 0x00000000f0000000, 0x00000000f0000000)
  object space 524288K, 52% used [0x00000000d0000000,0x00000000e0c86d88,0x00000000f0000000)
 PSPermGen       total 262144K, used 131862K [0x00000000c0000000, 0x00000000d0000000, 0x00000000d0000000)
  object space 262144K, 50% used [0x00000000c0000000,0x00000000c80c58c0,0x00000000d0000000)
Event: 45.036 GC heap after
Heap after GC invocations=47 (full 0):
 PSYoungGen      total 243712K, used 17396K [0x00000000f0000000, 0x0000000100000000, 0x0000000100000000)
  eden space 226304K, 0% used [0x00000000f0000000,0x00000000f0000000,0x00000000fdd00000)
  from space 17408K, 99% used [0x00000000fdd00000,0x00000000fedfd178,0x00000000fee00000)
  to   space 18432K, 0% used [0x00000000fee00000,0x00000000fee00000,0x0000000100000000)
 ParOldGen       total 524288K, used 282997K [0x00000000d0000000, 0x00000000f0000000, 0x00000000f0000000)
  object space 524288K, 53% used [0x00000000d0000000,0x00000000e145d748,0x00000000f0000000)
 PSPermGen       total 262144K, used 131862K [0x00000000c0000000, 0x00000000d0000000, 0x00000000d0000000)
  object space 262144K, 50% used [0x00000000c0000000,0x00000000c80c58c0,0x00000000d0000000)
}
Event: 46.019 GC heap before
{Heap before GC invocations=48 (full 0):
 PSYoungGen      total 243712K, used 237749K [0x00000000f0000000, 0x0000000100000000, 0x0000000100000000)
  eden space 226304K, 97% used [0x00000000f0000000,0x00000000fd730440,0x00000000fdd00000)
  from space 17408K, 99% used [0x00000000fdd00000,0x00000000fedfd178,0x00000000fee00000)
  to   space 18432K, 0% used [0x00000000fee00000,0x00000000fee00000,0x0000000100000000)
 ParOldGen       total 524288K, used 282997K [0x00000000d0000000, 0x00000000f0000000, 0x00000000f0000000)
  object space 524288K, 53% used [0x00000000d0000000,0x00000000e145d748,0x00000000f0000000)
 PSPermGen       total 262144K, used 133863K [0x00000000c0000000, 0x00000000d0000000, 0x00000000d0000000)
  object space 262144K, 51% used [0x00000000c0000000,0x00000000c82b9d50,0x00000000d0000000)
Event: 46.057 GC heap after
Heap after GC invocations=48 (full 0):
 PSYoungGen      total 235520K, used 4032K [0x00000000f0000000, 0x0000000100000000, 0x0000000100000000)
  eden space 217088K, 0% used [0x00000000f0000000,0x00000000f0000000,0x00000000fd400000)
  from space 18432K, 21% used [0x00000000fee00000,0x00000000ff1f0178,0x0000000100000000)
  to   space 22528K, 0% used [0x00000000fd400000,0x00000000fd400000,0x00000000fea00000)
 ParOldGen       total 524288K, used 300349K [0x00000000d0000000, 0x00000000f0000000, 0x00000000f0000000)
  object space 524288K, 57% used [0x00000000d0000000,0x00000000e254f620,0x00000000f0000000)
 PSPermGen       total 262144K, used 133863K [0x00000000c0000000, 0x00000000d0000000, 0x00000000d0000000)
  object space 262144K, 51% used [0x00000000c0000000,0x00000000c82b9d50,0x00000000d0000000)
}
Event: 46.836 GC heap before
{Heap before GC invocations=49 (full 0):
 PSYoungGen      total 235520K, used 221120K [0x00000000f0000000, 0x0000000100000000, 0x0000000100000000)
  eden space 217088K, 100% used [0x00000000f0000000,0x00000000fd400000,0x00000000fd400000)
  from space 18432K, 21% used [0x00000000fee00000,0x00000000ff1f0178,0x0000000100000000)
  to   space 22528K, 0% used [0x00000000fd400000,0x00000000fd400000,0x00000000fea00000)
 ParOldGen       total 524288K, used 300349K [0x00000000d0000000, 0x00000000f0000000, 0x00000000f0000000)
  object space 524288K, 57% used [0x00000000d0000000,0x00000000e254f620,0x00000000f0000000)
 PSPermGen       total 262144K, used 135431K [0x00000000c0000000, 0x00000000d0000000, 0x00000000d0000000)
  object space 262144K, 51% used [0x00000000c0000000,0x00000000c8441c38,0x00000000d0000000)
Event: 46.850 GC heap after
Heap after GC invocations=49 (full 0):
 PSYoungGen      total 239616K, used 4561K [0x00000000f0000000, 0x0000000100000000, 0x0000000100000000)
  eden space 217088K, 0% used [0x00000000f0000000,0x00000000f0000000,0x00000000fd400000)
  from space 22528K, 20% used [0x00000000fd400000,0x00000000fd874568,0x00000000fea00000)
  to   space 22016K, 0% used [0x00000000fea80000,0x00000000fea80000,0x0000000100000000)
 ParOldGen       total 524288K, used 302862K [0x00000000d0000000, 0x00000000f0000000, 0x00000000f0000000)
  object space 524288K, 57% used [0x00000000d0000000,0x00000000e27c3960,0x00000000f0000000)
 PSPermGen       total 262144K, used 135431K [0x00000000c0000000, 0x00000000d0000000, 0x00000000d0000000)
  object space 262144K, 51% used [0x00000000c0000000,0x00000000c8441c38,0x00000000d0000000)
}
Event: 47.855 GC heap before
{Heap before GC invocations=50 (full 0):
 PSYoungGen      total 239616K, used 221649K [0x00000000f0000000, 0x0000000100000000, 0x0000000100000000)
  eden space 217088K, 100% used [0x00000000f0000000,0x00000000fd400000,0x00000000fd400000)
  from space 22528K, 20% used [0x00000000fd400000,0x00000000fd874568,0x00000000fea00000)
  to   space 22016K, 0% used [0x00000000fea80000,0x00000000fea80000,0x0000000100000000)
 ParOldGen       total 524288K, used 302862K [0x00000000d0000000, 0x00000000f0000000, 0x00000000f0000000)
  object space 524288K, 57% used [0x00000000d0000000,0x00000000e27c3960,0x00000000f0000000)
 PSPermGen       total 262144K, used 136245K [0x00000000c0000000, 0x00000000d0000000, 0x00000000d0000000)
  object space 262144K, 51% used [0x00000000c0000000,0x00000000c850d5c8,0x00000000d0000000)
Event: 47.868 GC heap after
Heap after GC invocations=50 (full 0):
 PSYoungGen      total 240640K, used 2756K [0x00000000f0000000, 0x0000000100000000, 0x0000000100000000)
  eden space 218624K, 0% used [0x00000000f0000000,0x00000000f0000000,0x00000000fd580000)
  from space 22016K, 12% used [0x00000000fea80000,0x00000000fed31258,0x0000000100000000)
  to   space 21504K, 0% used [0x00000000fd580000,0x00000000fd580000,0x00000000fea80000)
 ParOldGen       total 524288K, used 306827K [0x00000000d0000000, 0x00000000f0000000, 0x00000000f0000000)
  object space 524288K, 58% used [0x00000000d0000000,0x00000000e2ba2de0,0x00000000f0000000)
 PSPermGen       total 262144K, used 136245K [0x00000000c0000000, 0x00000000d0000000, 0x00000000d0000000)
  object space 262144K, 51% used [0x00000000c0000000,0x00000000c850d5c8,0x00000000d0000000)
}

Deoptimization events (10 events):
Event: 47.299 Thread 0x000000000a58a000 Uncommon trap: reason=class_check action=maybe_recompile pc=0x0000000002d6299c method=java.lang.reflect.Array.newInstance(Ljava/lang/Class;I)Ljava/lang/Object; @ 2
Event: 47.299 Thread 0x000000000a58a000 Uncommon trap: reason=class_check action=maybe_recompile pc=0x0000000002d6299c method=java.lang.reflect.Array.newInstance(Ljava/lang/Class;I)Ljava/lang/Object; @ 2
Event: 47.350 Thread 0x000000000a58a000 Uncommon trap: reason=class_check action=maybe_recompile pc=0x0000000002ca3ea4 method=java.beans.Introspector.addPropertyDescriptor(Ljava/beans/PropertyDescriptor;)V @ 165
Event: 47.561 Thread 0x000000000a58a000 Uncommon trap: reason=bimorphic action=maybe_recompile pc=0x000000000288fbbc method=java.lang.Character.codePointAt(Ljava/lang/CharSequence;I)I @ 5
Event: 47.561 Thread 0x000000000a58a000 Uncommon trap: reason=bimorphic action=maybe_recompile pc=0x000000000288fbbc method=java.lang.Character.codePointAt(Ljava/lang/CharSequence;I)I @ 5
Event: 47.561 Thread 0x000000000a58a000 Uncommon trap: reason=bimorphic action=maybe_recompile pc=0x0000000002761734 method=java.lang.Character.codePointAt(Ljava/lang/CharSequence;I)I @ 5
Event: 47.580 Thread 0x000000000a58a000 Uncommon trap: reason=class_check action=maybe_recompile pc=0x000000000292ea8c method=java.util.regex.Matcher.replaceAll(Ljava/lang/String;)Ljava/lang/String; @ 53
Event: 47.943 Thread 0x000000000a58a000 Uncommon trap: reason=array_check action=maybe_recompile pc=0x0000000002957c10 method=java.util.Arrays.fill([Ljava/lang/Object;Ljava/lang/Object;)V @ 13
Event: 48.005 Thread 0x000000000a58a000 Uncommon trap: reason=class_check action=maybe_recompile pc=0x0000000002ca3ea4 method=java.beans.Introspector.addPropertyDescriptor(Ljava/beans/PropertyDescriptor;)V @ 165
Event: 48.054 Thread 0x000000000a58a000 Uncommon trap: reason=unreached action=reinterpret pc=0x000000000253320c method=org.codehaus.groovy.runtime.DefaultGroovyMethods.asType(Ljava/lang/Object;Ljava/lang/Class;)Ljava/lang/Object; @ 3

Internal exceptions (10 events):
Event: 48.205 Thread 0x000000000a58a000 Threw 0x00000000f3baed20 at C:\re\jdk7u45\229\hotspot\src\share\vm\prims\jvm.cpp:1244
Event: 48.205 Thread 0x000000000a58a000 Threw 0x00000000f3bafc50 at C:\re\jdk7u45\229\hotspot\src\share\vm\prims\jvm.cpp:1244
Event: 48.205 Thread 0x000000000a58a000 Threw 0x00000000f3bb1240 at C:\re\jdk7u45\229\hotspot\src\share\vm\prims\jvm.cpp:1244
Event: 48.206 Thread 0x000000000a58a000 Threw 0x00000000f3bcecb0 at C:\re\jdk7u45\229\hotspot\src\share\vm\prims\jvm.cpp:1244
Event: 48.206 Thread 0x000000000a58a000 Threw 0x00000000f3bcfba0 at C:\re\jdk7u45\229\hotspot\src\share\vm\prims\jvm.cpp:1244
Event: 48.206 Thread 0x000000000a58a000 Threw 0x00000000f3bd1190 at C:\re\jdk7u45\229\hotspot\src\share\vm\prims\jvm.cpp:1244
Event: 48.207 Thread 0x000000000a58a000 Threw 0x00000000f3bd6fb0 at C:\re\jdk7u45\229\hotspot\src\share\vm\prims\jvm.cpp:1244
Event: 48.207 Thread 0x000000000a58a000 Threw 0x00000000f3bdc8c0 at C:\re\jdk7u45\229\hotspot\src\share\vm\prims\jvm.cpp:1244
Event: 48.207 Thread 0x000000000a58a000 Threw 0x00000000f3bdd918 at C:\re\jdk7u45\229\hotspot\src\share\vm\classfile\systemDictionary.cpp:185
Event: 108.564 Thread 0x000000000a58c800 Threw 0x00000000f3e773b0 at C:\re\jdk7u45\229\hotspot\src\share\vm\prims\jni.cpp:743

Events (10 events):
Event: 3892.447 Thread 0x0000000002139000 DEOPT PACKING pc=0x000000000294d684 sp=0x0000000002490850
Event: 3892.447 Thread 0x0000000002139000 DEOPT UNPACKING pc=0x00000000024d92b9 sp=0x0000000002490530 mode 1
Event: 3892.447 Thread 0x0000000002139000 DEOPT PACKING pc=0x0000000002730874 sp=0x00000000024909d0
Event: 3892.447 Thread 0x0000000002139000 DEOPT UNPACKING pc=0x00000000024d92b9 sp=0x0000000002490750 mode 1
Event: 3895.447 Thread 0x0000000002139000 DEOPT PACKING pc=0x0000000002c0fbdc sp=0x00000000024907c0
Event: 3895.447 Thread 0x0000000002139000 DEOPT UNPACKING pc=0x00000000024d92b9 sp=0x0000000002490420 mode 1
Event: 3895.447 Thread 0x0000000002139000 DEOPT PACKING pc=0x000000000294d684 sp=0x0000000002490850
Event: 3895.447 Thread 0x0000000002139000 DEOPT UNPACKING pc=0x00000000024d92b9 sp=0x0000000002490530 mode 1
Event: 3895.447 Thread 0x0000000002139000 DEOPT PACKING pc=0x0000000002730874 sp=0x00000000024909d0
Event: 3895.447 Thread 0x0000000002139000 DEOPT UNPACKING pc=0x00000000024d92b9 sp=0x0000000002490750 mode 1


Dynamic libraries:
0x000000013fa00000 - 0x000000013fa33000 	C:\Program Files\Java\jdk1.7.0_45\bin\java.exe
0x0000000077ac0000 - 0x0000000077c69000 	C:\Windows\SYSTEM32\ntdll.dll
0x00000000778a0000 - 0x00000000779bf000 	C:\Windows\system32\kernel32.dll
0x000007fefdbc0000 - 0x000007fefdc2b000 	C:\Windows\system32\KERNELBASE.dll
0x000007feff670000 - 0x000007feff74b000 	C:\Windows\system32\ADVAPI32.dll
0x000007feffae0000 - 0x000007feffb7f000 	C:\Windows\system32\msvcrt.dll
0x000007feffa40000 - 0x000007feffa5f000 	C:\Windows\SYSTEM32\sechost.dll
0x000007fefdff0000 - 0x000007fefe11d000 	C:\Windows\system32\RPCRT4.dll
0x00000000779c0000 - 0x0000000077aba000 	C:\Windows\system32\USER32.dll
0x000007feffd00000 - 0x000007feffd67000 	C:\Windows\system32\GDI32.dll
0x000007fefe480000 - 0x000007fefe48e000 	C:\Windows\system32\LPK.dll
0x000007fefe490000 - 0x000007fefe559000 	C:\Windows\system32\USP10.dll
0x000007fefc4d0000 - 0x000007fefc6c4000 	C:\Windows\WinSxS\amd64_microsoft.windows.common-controls_6595b64144ccf1df_6.0.7601.17514_none_fa396087175ac9ac\COMCTL32.dll
0x000007feff550000 - 0x000007feff5c1000 	C:\Windows\system32\SHLWAPI.dll
0x000007fefe130000 - 0x000007fefe15e000 	C:\Windows\system32\IMM32.DLL
0x000007feff750000 - 0x000007feff859000 	C:\Windows\system32\MSCTF.dll
0x000000006a590000 - 0x000000006a662000 	C:\Program Files\Java\jdk1.7.0_45\jre\bin\msvcr100.dll
0x00000000672a0000 - 0x0000000067a69000 	C:\Program Files\Java\jdk1.7.0_45\jre\bin\server\jvm.dll
0x000007fef7fc0000 - 0x000007fef7fc9000 	C:\Windows\system32\WSOCK32.dll
0x000007fefe430000 - 0x000007fefe47d000 	C:\Windows\system32\WS2_32.dll
0x000007fefe120000 - 0x000007fefe128000 	C:\Windows\system32\NSI.dll
0x000007fefb390000 - 0x000007fefb3cb000 	C:\Windows\system32\WINMM.dll
0x0000000077c90000 - 0x0000000077c97000 	C:\Windows\system32\PSAPI.DLL
0x000000006b770000 - 0x000000006b77f000 	C:\Program Files\Java\jdk1.7.0_45\jre\bin\verify.dll
0x000000006a560000 - 0x000000006a588000 	C:\Program Files\Java\jdk1.7.0_45\jre\bin\java.dll
0x000000006a520000 - 0x000000006a555000 	C:\Program Files\Java\jdk1.7.0_45\jre\bin\jdwp.dll
0x000000006b760000 - 0x000000006b768000 	C:\Program Files\Java\jdk1.7.0_45\jre\bin\npt.dll
0x000000006a4f0000 - 0x000000006a513000 	C:\Program Files\Java\jdk1.7.0_45\jre\bin\instrument.dll
0x000000006b720000 - 0x000000006b735000 	C:\Program Files\Java\jdk1.7.0_45\jre\bin\zip.dll
0x000000006a4c0000 - 0x000000006a4c9000 	C:\Program Files\Java\jdk1.7.0_45\jre\bin\dt_socket.dll
0x000007fefd240000 - 0x000007fefd295000 	C:\Windows\system32\mswsock.dll
0x000007fefcb40000 - 0x000007fefcb47000 	C:\Windows\System32\wshtcpip.dll
0x000007fefd2a0000 - 0x000007fefd2b7000 	C:\Windows\system32\CRYPTSP.dll
0x000007fefcfa0000 - 0x000007fefcfe7000 	C:\Windows\system32\rsaenh.dll
0x000007fefcdb0000 - 0x000007fefcdce000 	C:\Windows\system32\USERENV.dll
0x000007fefda10000 - 0x000007fefda1f000 	C:\Windows\system32\profapi.dll
0x000007fefd900000 - 0x000007fefd90f000 	C:\Windows\system32\CRYPTBASE.dll
0x0000000067280000 - 0x0000000067299000 	C:\Program Files\Java\jdk1.7.0_45\jre\bin\net.dll
0x000007fefd230000 - 0x000007fefd237000 	C:\Windows\System32\wship6.dll
0x000007fefbb20000 - 0x000007fefbb35000 	C:\Windows\system32\NLAapi.dll
0x000007fef8390000 - 0x000007fef83a5000 	C:\Windows\system32\napinsp.dll
0x000007fef8370000 - 0x000007fef8389000 	C:\Windows\system32\pnrpnsp.dll
0x000007fefd0c0000 - 0x000007fefd11b000 	C:\Windows\system32\DNSAPI.dll
0x000007fef8360000 - 0x000007fef836b000 	C:\Windows\System32\winrnr.dll
0x000007fef97f0000 - 0x000007fef9800000 	C:\Windows\system32\wshbth.dll
0x000007fefb110000 - 0x000007fefb137000 	C:\Windows\system32\IPHLPAPI.DLL
0x000007fefb100000 - 0x000007fefb10b000 	C:\Windows\system32\WINNSI.DLL
0x000007fef82c0000 - 0x000007fef82c8000 	C:\Windows\system32\rasadhlp.dll
0x000007fefa0b0000 - 0x000007fefa103000 	C:\Windows\System32\fwpuclnt.dll
0x0000000067260000 - 0x0000000067271000 	C:\Program Files\Java\jdk1.7.0_45\jre\bin\nio.dll
0x000007fefb070000 - 0x000007fefb07a000 	C:\Users\User\AppData\Local\Temp\jansi-64-1312842316867595782.dll
0x0000000067a90000 - 0x0000000067ab4000 	C:\Program Files\Java\jdk1.7.0_45\jre\bin\sunec.dll
0x0000000067a80000 - 0x0000000067a8b000 	C:\Program Files\Java\jdk1.7.0_45\jre\bin\sunmscapi.dll
0x000007fefdc30000 - 0x000007fefdd97000 	C:\Windows\system32\CRYPT32.dll
0x000007fefdab0000 - 0x000007fefdabf000 	C:\Windows\system32\MSASN1.dll
0x000000006a4b0000 - 0x000000006a4bb000 	C:\Program Files\Java\jdk1.7.0_45\jre\bin\management.dll
0x000007fef8450000 - 0x000007fef8575000 	C:\Windows\system32\dbghelp.dll

VM Arguments:
jvm_args: -agentlib:jdwp=transport=dt_socket,address=127.0.0.1:8932,suspend=y,server=n -Dgrails.home=F:\Installed\grails-2.4.5 -Dbase.dir=D:\Workings\pms -Dtools.jar=C:\Program Files\Java\jdk1.7.0_45\lib\tools.jar -Dgroovy.starter.conf=F:\Installed\grails-2.4.5/conf/groovy-starter.conf -Xmx768M -Xms768M -XX:MaxPermSize=256m -XX:PermSize=256m -Djline.WindowsTerminal.directConsole=false -javaagent:F:\Installed\grails-2.4.5\lib\org.springframework\springloaded\jars\springloaded-1.2.3.RELEASE.jar -Xverify:none -Dspringloaded=profile=grails -Dfile.encoding=UTF-8 
java_command: org.codehaus.groovy.grails.cli.support.GrailsStarter --main org.codehaus.groovy.grails.cli.GrailsScriptRunner --conf F:\Installed\grails-2.4.5/conf/groovy-starter.conf run-app -plain-output
Launcher Type: SUN_STANDARD

Environment Variables:
JAVA_HOME=C:\Program Files\Java\jdk1.7.0_45
JRE_HOME=C:\Program Files\Java\jre7
PATH=C:\ProgramData\Oracle\Java\javapath;C:\Windows\system32;C:\Windows;C:\Windows\System32\Wbem;C:\Windows\System32\WindowsPowerShell\v1.0\;C:\Program Files (x86)\ATI Technologies\ATI.ACE\Core-Static;C:\Program Files (x86)\Microsoft SQL Server\100\Tools\Binn\;C:\Program Files\Microsoft SQL Server\100\Tools\Binn\;C:\Program Files\Microsoft SQL Server\100\DTS\Binn\;C:\Program Files (x86)\Microsoft SQL Server\100\DTS\Binn\;C:\Program Files (x86)\Microsoft SQL Server\100\Tools\Binn\VSShell\Common7\IDE\;C:\Program Files (x86)\Microsoft SQL Server\90\Tools\binn\;C:\Program Files\Java\jdk1.7.0_45\bin\bin;F:\Installed\grails-2.4.5\bin;F:\apache-tomcat-7.0.54\bin;C:\Program Files (x86)\Skype\Phone\;C:\Program Files (x86)\SSH Communications Security\SSH Secure Shell
USERNAME=User
OS=Windows_NT
PROCESSOR_IDENTIFIER=Intel64 Family 6 Model 61 Stepping 4, GenuineIntel



---------------  S Y S T E M  ---------------

OS: Windows 7 , 64 bit Build 7601 Service Pack 1

CPU:total 4 (2 cores per cpu, 2 threads per core) family 6 model 61 stepping 4, cmov, cx8, fxsr, mmx, sse, sse2, sse3, ssse3, sse4.1, sse4.2, popcnt, avx, avx2, aes, erms, ht, tsc, tscinvbit

Memory: 4k page, physical 8277104k(3301860k free), swap 16552344k(10867512k free)

vm_info: Java HotSpot(TM) 64-Bit Server VM (24.45-b08) for windows-amd64 JRE (1.7.0_45-b18), built on Oct  8 2013 05:47:22 by "java_re" with unknown MS VC++:1600

time: Wed Sep 06 16:22:57 2017
elapsed time: 3896 seconds

